<?xml version="1.0" encoding="UTF-8"?>
<Site BuildName="Darwin-g++-12"
	BuildStamp="20221001-0525-Experimental"
	Name="GoldMac.local"
	Generator="ctest-3.24.2"
	CompilerName="/usr/local/bin/g++-12"
	CompilerVersion="12.2.0"
	OSName="macOS"
	Hostname="GoldMac.local"
	OSRelease="12.6"
	OSVersion="21G115"
	OSPlatform="x86_64"
	Is64Bits="1"
	VendorString="GenuineIntel"
	VendorID="Intel Corporation"
	FamilyID="6"
	ModelID="142"
	ProcessorCacheSize="32768"
	NumberOfLogicalCPU="4"
	NumberOfPhysicalCPU="2"
	TotalVirtualMemory="2048"
	TotalPhysicalMemory="16384"
	LogicalProcessorsPerPhysical="8"
	ProcessorClockFrequency="1600"
	>
	<Testing>
		<StartDateTime>Oct 01 01:25 EDT</StartDateTime>
		<StartTestTime>1664601925</StartTestTime>
		<TestList/>
		<EndDateTime>Oct 01 01:25 EDT</EndDateTime>
		<EndTestTime>1664601925</EndTestTime>
		<ElapsedMinutes>0</ElapsedMinutes>
	</Testing>
</Site>
